


ARM Macro Assembler    Page 1 


    1 00000000         ;/******************************************************
                       ***********************/
    2 00000000         ; OSasm.s: low-level OS commands, written in assembly   
                                           */
    3 00000000         ; Runs on LM4F120/TM4C123/MSP432
    4 00000000         ; Lab 2 starter file
    5 00000000         ; February 10, 2016
    6 00000000         ;
    7 00000000         
    8 00000000         
    9 00000000                 AREA             |.text|, CODE, READONLY, ALIGN=
2
   10 00000000                 THUMB
   11 00000000                 REQUIRE8
   12 00000000                 PRESERVE8
   13 00000000         
   14 00000000                 EXTERN           RunPt       ; currently running
                                                             thread
   15 00000000                 EXPORT           StartOS
   16 00000000                 EXPORT           SysTick_Handler
   17 00000000                 IMPORT           Scheduler
   18 00000000         
   19 00000000         
   20 00000000         ;
   21 00000000         ;SysTick_Handler                ; 1) Saves R0-R3,R12,LR,
                       PC,PSR
   22 00000000         ;   CPSID   I                  ; 2) Prevent interrupt du
                       ring switch
   23 00000000         
   24 00000000         
   25 00000000         ;    CPSIE   I                  ; 9) tasks run with inte
                       rrupts enabled
   26 00000000         ;   BX      LR                 ; 10) restore R0-R3,R12,L
                       R,PC,PSR
   27 00000000         
   28 00000000         ;StartOS
   29 00000000         
   30 00000000         ;   CPSIE   I                  ; Enable interrupts at pr
                       ocessor level
   31 00000000         ;  BX      LR                 ; start first thread
   32 00000000         
   33 00000000         ; ALIGN
   34 00000000         ;END
   35 00000000         
   36 00000000         SysTick_Handler                      ; 1) Saves R0-R3,R1
                                                            2,LR,PC,PSR
   37 00000000 B672            CPSID            I           ; 2) Prevent interr
                                                            upt during switch
   38 00000002 E92D 0FF0       PUSH             {R4-R11}    ; 3) Save remaining
                                                             regs r4-11
   39 00000006 480F            LDR              R0, =RunPt  ; 4) R0=pointer to 
                                                            RunPt, old thread
   40 00000008 6801            LDR              R1, [R0]    ;    R1 = RunPt
   41 0000000A F8C1 D000       STR              SP, [R1]    ; 5) Save SP into T
                                                            CB
   42 0000000E         ;LDR     R1, [R1,#4]        ; 6) R1 = RunPt->next
   43 0000000E         ;STR     R1, [R0]           ;    RunPt = R1
   44 0000000E B501            PUSH             {R0,LR}
   45 00000010 F7FF FFFE       BL               Scheduler



ARM Macro Assembler    Page 2 


   46 00000014 E8BD 4001       POP              {R0,LR}
   47 00000018 6801            LDR              R1, [R0]    ; 6) R1 = RunPt, ne
                                                            w thread
   48 0000001A F8D1 D000       LDR              SP, [R1]    ; 7) new thread SP;
                                                             SP = RunPt->sp;
   49 0000001E E8BD 0FF0       POP              {R4-R11}    ; 8) restore regs r
                                                            4-11
   50 00000022 B662            CPSIE            I           ; 9) tasks run with
                                                             interrupts enabled
                                                            
   51 00000024 4770            BX               LR          ; 10) restore R0-R3
                                                            ,R12,LR,PC,PSR
   52 00000026         
   53 00000026         StartOS
   54 00000026 4807            LDR              R0, =RunPt  ; currently running
                                                             thread
   55 00000028 6802            LDR              R2, [R0]    ; R2 = value of Run
                                                            Pt
   56 0000002A F8D2 D000       LDR              SP, [R2]    ; new thread SP; SP
                                                             = RunPt->stackPoin
                                                            ter;
   57 0000002E E8BD 0FF0       POP              {R4-R11}    ; restore regs r4-1
                                                            1
   58 00000032 BC0F            POP              {R0-R3}     ; restore regs r0-3
                                                            
   59 00000034 F85D CB04       POP              {R12}
   60 00000038 B001            ADD              SP,SP,#4    ; discard LR from i
                                                            nitial stack
   61 0000003A F85D EB04       POP              {LR}        ; start location
   62 0000003E B001            ADD              SP,SP,#4    ; discard PSR
   63 00000040 B662            CPSIE            I           ; Enable interrupts
                                                             at processor level
                                                            
   64 00000042 4770            BX               LR          ; start first threa
                                                            d
   65 00000044         
   66 00000044                 ALIGN
   67 00000044                 END
              00000000 
Command Line: --debug --xref --diag_suppress=9931 --cpu=Cortex-M4 --apcs=interw
ork --depend=.\objects\osasm.d -o.\objects\osasm.o -IC:\Keil_v5\TM4C123Valvanow
are\Lab2_4C123\RTE -IC:\Keil_v5\ARM\PACK\ARM\CMSIS\5.0.0-Beta12\CMSIS\Include -
IC:\Keil_v5\ARM\PACK\Keil\TM4C_DFP\1.1.0\Device\Include\TM4C123 --predefine="__
EVAL SETA 1" --predefine="__UVISION_VERSION SETA 521" --predefine="_RTE_ SETA 1
" --predefine="TM4C123GH6PM SETA 1" --list=.\listings\osasm.lst osasm.s



ARM Macro Assembler    Page 1 Alphabetic symbol ordering
Relocatable symbols

.text 00000000

Symbol: .text
   Definitions
      At line 9 in file osasm.s
   Uses
      None
Comment: .text unused
StartOS 00000026

Symbol: StartOS
   Definitions
      At line 53 in file osasm.s
   Uses
      At line 15 in file osasm.s
Comment: StartOS used once
SysTick_Handler 00000000

Symbol: SysTick_Handler
   Definitions
      At line 36 in file osasm.s
   Uses
      At line 16 in file osasm.s
Comment: SysTick_Handler used once
3 symbols



ARM Macro Assembler    Page 1 Alphabetic symbol ordering
External symbols

RunPt 00000000

Symbol: RunPt
   Definitions
      At line 14 in file osasm.s
   Uses
      At line 39 in file osasm.s
      At line 54 in file osasm.s

Scheduler 00000000

Symbol: Scheduler
   Definitions
      At line 17 in file osasm.s
   Uses
      At line 45 in file osasm.s
Comment: Scheduler used once
2 symbols
341 symbols in table
